<?xml version="1.0" encoding="UTF-8"?>
<testng-results ignored="0" total="8" passed="8" failed="0" skipped="0">
  <reporter-output>
  </reporter-output>
  <suite started-at="2022-06-27T13:33:04 CDT" name="Suite" finished-at="2022-06-27T13:34:07 CDT" duration-ms="63040">
    <groups>
    </groups>
    <test started-at="2022-06-27T13:33:04 CDT" name="Test1" finished-at="2022-06-27T13:34:07 CDT" duration-ms="63040">
      <class name="Test.TValidar">
        <test-method signature="Validar_precio()[pri:0, instance:Test.TValidar@1304e0d7]" started-at="2022-06-27T13:33:53 CDT" name="Validar_precio" finished-at="2022-06-27T13:33:54 CDT" duration-ms="1056" status="PASS">
          <reporter-output>
          </reporter-output>
        </test-method> <!-- Validar_precio -->
        <test-method is-config="true" signature="afterMethod1(org.testng.ITestResult)[pri:0, instance:Test.TValidar@1304e0d7]" started-at="2022-06-27T13:33:54 CDT" name="afterMethod1" finished-at="2022-06-27T13:33:54 CDT" duration-ms="568" status="PASS">
          <params>
            <param index="0">
              <value>
                <![CDATA[[TestResult name=Validar_precio status=SUCCESS method=TValidar.Validar_precio()[pri:0, instance:Test.TValidar@1304e0d7] output={null}]]]>
              </value>
            </param>
          </params>
          <reporter-output>
          </reporter-output>
        </test-method> <!-- afterMethod1 -->
        <test-method signature="Valida_productos(java.lang.String)[pri:1, instance:Test.TValidar@1304e0d7]" started-at="2022-06-27T13:33:54 CDT" name="Valida_productos" data-provider="dptenis" finished-at="2022-06-27T13:33:54 CDT" duration-ms="114" status="PASS">
          <params>
            <param index="0">
              <value>
                <![CDATA[Air Jordan 4 Retro]]>
              </value>
            </param>
          </params>
          <reporter-output>
          </reporter-output>
        </test-method> <!-- Valida_productos -->
        <test-method is-config="true" signature="afterMethod1(org.testng.ITestResult)[pri:0, instance:Test.TValidar@1304e0d7]" started-at="2022-06-27T13:33:54 CDT" name="afterMethod1" finished-at="2022-06-27T13:33:55 CDT" duration-ms="580" status="PASS">
          <params>
            <param index="0">
              <value>
                <![CDATA[[TestResult name=Valida_productos status=SUCCESS method=TValidar.Valida_productos(java.lang.String)[pri:1, instance:Test.TValidar@1304e0d7] output={null}]]]>
              </value>
            </param>
          </params>
          <reporter-output>
          </reporter-output>
        </test-method> <!-- afterMethod1 -->
        <test-method signature="Valida_productos(java.lang.String)[pri:1, instance:Test.TValidar@1304e0d7]" started-at="2022-06-27T13:33:55 CDT" name="Valida_productos" data-provider="dptenis" finished-at="2022-06-27T13:33:55 CDT" duration-ms="151" status="PASS">
          <params>
            <param index="0">
              <value>
                <![CDATA[Converse All Star]]>
              </value>
            </param>
          </params>
          <reporter-output>
          </reporter-output>
        </test-method> <!-- Valida_productos -->
        <test-method is-config="true" signature="afterMethod1(org.testng.ITestResult)[pri:0, instance:Test.TValidar@1304e0d7]" started-at="2022-06-27T13:33:55 CDT" name="afterMethod1" finished-at="2022-06-27T13:33:56 CDT" duration-ms="573" status="PASS">
          <params>
            <param index="0">
              <value>
                <![CDATA[[TestResult name=Valida_productos status=SUCCESS method=TValidar.Valida_productos(java.lang.String)[pri:1, instance:Test.TValidar@1304e0d7] output={null}]]]>
              </value>
            </param>
          </params>
          <reporter-output>
          </reporter-output>
        </test-method> <!-- afterMethod1 -->
        <test-method is-config="true" signature="ir()[pri:0, instance:Test.TValidar@1304e0d7]" started-at="2022-06-27T13:33:56 CDT" name="ir" finished-at="2022-06-27T13:33:56 CDT" duration-ms="33" status="PASS">
          <reporter-output>
          </reporter-output>
        </test-method> <!-- ir -->
      </class> <!-- Test.TValidar -->
      <class name="Test.TInicial">
        <test-method signature="Iniciar()[pri:0, instance:Test.TInicial@47569167]" started-at="2022-06-27T13:33:04 CDT" name="Iniciar" finished-at="2022-06-27T13:33:44 CDT" duration-ms="40564" status="PASS">
          <reporter-output>
          </reporter-output>
        </test-method> <!-- Iniciar -->
        <test-method is-config="true" signature="afterMethod(org.testng.ITestResult)[pri:0, instance:Test.TInicial@47569167]" started-at="2022-06-27T13:33:44 CDT" name="afterMethod" finished-at="2022-06-27T13:33:45 CDT" duration-ms="933" status="PASS">
          <params>
            <param index="0">
              <value>
                <![CDATA[[TestResult name=Iniciar status=SUCCESS method=TInicial.Iniciar()[pri:0, instance:Test.TInicial@47569167] output={null}]]]>
              </value>
            </param>
          </params>
          <reporter-output>
          </reporter-output>
        </test-method> <!-- afterMethod -->
      </class> <!-- Test.TInicial -->
      <class name="Test.Suite">
        <test-method is-config="true" signature="bf()[pri:0, instance:Test.Suite@154b8cb6]" started-at="2022-06-27T13:33:04 CDT" name="bf" finished-at="2022-06-27T13:33:04 CDT" duration-ms="12" status="PASS">
          <reporter-output>
          </reporter-output>
        </test-method> <!-- bf -->
      </class> <!-- Test.Suite -->
      <class name="Test.TCompra">
        <test-method is-config="true" signature="bf()[pri:0, instance:Test.TCompra@70fede7d]" started-at="2022-06-27T13:33:04 CDT" name="bf" finished-at="2022-06-27T13:33:04 CDT" duration-ms="0" status="PASS">
          <reporter-output>
          </reporter-output>
        </test-method> <!-- bf -->
        <test-method signature="Comprar(java.lang.String)[pri:0, instance:Test.TCompra@70fede7d]" started-at="2022-06-27T13:33:45 CDT" name="Comprar" data-provider="dptenis" finished-at="2022-06-27T13:33:47 CDT" duration-ms="1503" status="PASS">
          <params>
            <param index="0">
              <value>
                <![CDATA[Air Jordan 4 Retro]]>
              </value>
            </param>
          </params>
          <reporter-output>
          </reporter-output>
        </test-method> <!-- Comprar -->
        <test-method is-config="true" signature="afterMethod(org.testng.ITestResult)[pri:0, instance:Test.TCompra@70fede7d]" started-at="2022-06-27T13:33:47 CDT" name="afterMethod" finished-at="2022-06-27T13:33:47 CDT" duration-ms="677" status="PASS">
          <params>
            <param index="0">
              <value>
                <![CDATA[[TestResult name=Comprar status=SUCCESS method=TCompra.Comprar(java.lang.String)[pri:0, instance:Test.TCompra@70fede7d] output={null}]]]>
              </value>
            </param>
          </params>
          <reporter-output>
          </reporter-output>
        </test-method> <!-- afterMethod -->
        <test-method signature="Comprar(java.lang.String)[pri:0, instance:Test.TCompra@70fede7d]" started-at="2022-06-27T13:33:47 CDT" name="Comprar" data-provider="dptenis" finished-at="2022-06-27T13:33:52 CDT" duration-ms="4757" status="PASS">
          <params>
            <param index="0">
              <value>
                <![CDATA[Converse All Star]]>
              </value>
            </param>
          </params>
          <reporter-output>
          </reporter-output>
        </test-method> <!-- Comprar -->
        <test-method is-config="true" signature="afterMethod(org.testng.ITestResult)[pri:0, instance:Test.TCompra@70fede7d]" started-at="2022-06-27T13:33:52 CDT" name="afterMethod" finished-at="2022-06-27T13:33:53 CDT" duration-ms="656" status="PASS">
          <params>
            <param index="0">
              <value>
                <![CDATA[[TestResult name=Comprar status=SUCCESS method=TCompra.Comprar(java.lang.String)[pri:0, instance:Test.TCompra@70fede7d] output={null}]]]>
              </value>
            </param>
          </params>
          <reporter-output>
          </reporter-output>
        </test-method> <!-- afterMethod -->
      </class> <!-- Test.TCompra -->
      <class name="Test.TNavegar">
        <test-method signature="Validar_precio()[pri:0, instance:Test.TNavegar@333398f]" started-at="2022-06-27T13:33:56 CDT" name="Validar_precio" finished-at="2022-06-27T13:34:03 CDT" duration-ms="7284" status="PASS">
          <reporter-output>
          </reporter-output>
        </test-method> <!-- Validar_precio -->
        <test-method is-config="true" signature="afterMethod1(org.testng.ITestResult)[pri:0, instance:Test.TNavegar@333398f]" started-at="2022-06-27T13:34:03 CDT" name="afterMethod1" finished-at="2022-06-27T13:34:04 CDT" duration-ms="533" status="PASS">
          <params>
            <param index="0">
              <value>
                <![CDATA[[TestResult name=Validar_precio status=SUCCESS method=TNavegar.Validar_precio()[pri:0, instance:Test.TNavegar@333398f] output={null}]]]>
              </value>
            </param>
          </params>
          <reporter-output>
          </reporter-output>
        </test-method> <!-- afterMethod1 -->
        <test-method signature="Regresar()[pri:1, instance:Test.TNavegar@333398f]" started-at="2022-06-27T13:34:04 CDT" name="Regresar" finished-at="2022-06-27T13:34:06 CDT" duration-ms="2310" status="PASS">
          <reporter-output>
          </reporter-output>
        </test-method> <!-- Regresar -->
        <test-method is-config="true" signature="afterMethod1(org.testng.ITestResult)[pri:0, instance:Test.TNavegar@333398f]" started-at="2022-06-27T13:34:06 CDT" name="afterMethod1" finished-at="2022-06-27T13:34:07 CDT" duration-ms="690" status="PASS">
          <params>
            <param index="0">
              <value>
                <![CDATA[[TestResult name=Regresar status=SUCCESS method=TNavegar.Regresar()[pri:1, instance:Test.TNavegar@333398f] output={null}]]]>
              </value>
            </param>
          </params>
          <reporter-output>
          </reporter-output>
        </test-method> <!-- afterMethod1 -->
      </class> <!-- Test.TNavegar -->
    </test> <!-- Test1 -->
  </suite> <!-- Suite -->
</testng-results>
