<?xml version="1.0" encoding="UTF-8"?>
<!-- Generated by org.testng.reporters.JUnitXMLReporter -->
<testsuite ignored="0" hostname="DESKTOP-CFJ1EVH" failures="0" tests="8" name="Test1" time="63.04" errors="0" timestamp="2022-06-27T13:34:07 CDT">
  <testcase classname="Test.TInicial" name="Iniciar" time="40.564"/>
  <testcase classname="Test.TCompra" name="Comprar" time="1.503"/>
  <testcase classname="Test.TCompra" name="Comprar" time="4.757"/>
  <testcase classname="Test.TValidar" name="Validar_precio" time="1.056"/>
  <testcase classname="Test.TValidar" name="Valida_productos" time="0.114"/>
  <testcase classname="Test.TValidar" name="Valida_productos" time="0.151"/>
  <testcase classname="Test.TNavegar" name="Validar_precio" time="7.284"/>
  <testcase classname="Test.TNavegar" name="Regresar" time="2.31"/>
</testsuite> <!-- Test1 -->
